2025-05-14T05:48:03.894625Z 0 [Warning] [MY-010097] [Server] Insecure configuration for --secure-file-priv: Current value does not restrict location of generated files. Consider setting it to a valid, non-empty path.
2025-05-14T05:48:03.894728Z 0 [Warning] [MY-010918] [Server] 'default_authentication_plugin' is deprecated and will be removed in a future release. Please use authentication_policy instead.
2025-05-14T05:48:03.894800Z 0 [System] [MY-010116] [Server] C:\laragon\bin\mysql\mysql-8.0.30-winx64\bin\mysqld (mysqld 8.0.30) starting as process 10040
2025-05-14T05:48:03.968383Z 1 [System] [MY-013576] [InnoDB] InnoDB initialization has started.
2025-05-14T05:48:04.757322Z 1 [System] [MY-013577] [InnoDB] InnoDB initialization has ended.
2025-05-14T05:48:05.883631Z 0 [Warning] [MY-013829] [Server] Missing data directory for ICU regular expressions: C:\laragon\bin\mysql\mysql-8.0.30-winx64\lib\private\.
2025-05-14T05:48:05.892406Z 0 [Warning] [MY-010068] [Server] CA certificate ca.pem is self signed.
2025-05-14T05:48:05.893953Z 0 [System] [MY-013602] [Server] Channel mysql_main configured to support TLS. Encrypted connections are now supported for this channel.
2025-05-14T05:48:06.014464Z 0 [System] [MY-010931] [Server] C:\laragon\bin\mysql\mysql-8.0.30-winx64\bin\mysqld: ready for connections. Version: '8.0.30'  socket: ''  port: 3306  MySQL Community Server - GPL.
2025-05-14T05:48:06.014581Z 0 [System] [MY-011323] [Server] X Plugin ready for connections. Bind-address: '::' port: 33060
2025-05-14T05:50:23.296350Z 0 [Warning] [MY-010097] [Server] Insecure configuration for --secure-file-priv: Current value does not restrict location of generated files. Consider setting it to a valid, non-empty path.
2025-05-14T05:50:23.296648Z 0 [Warning] [MY-010918] [Server] 'default_authentication_plugin' is deprecated and will be removed in a future release. Please use authentication_policy instead.
2025-05-14T05:50:23.296744Z 0 [System] [MY-010116] [Server] C:\laragon\bin\mysql\mysql-8.0.30-winx64\bin\mysqld (mysqld 8.0.30) starting as process 2972
2025-05-14T05:50:23.420298Z 1 [System] [MY-013576] [InnoDB] InnoDB initialization has started.
2025-05-14T05:50:23.422777Z 1 [ERROR] [MY-012271] [InnoDB] The innodb_system data file 'ibdata1' must be writable
2025-05-14T05:50:23.423718Z 1 [ERROR] [MY-012278] [InnoDB] The innodb_system data file 'ibdata1' must be writable
2025-05-14T05:50:23.425331Z 1 [ERROR] [MY-010334] [Server] Failed to initialize DD Storage Engine
2025-05-14T05:50:23.426732Z 0 [ERROR] [MY-010020] [Server] Data Dictionary initialization failed.
2025-05-14T05:50:23.427529Z 0 [ERROR] [MY-010119] [Server] Aborting
2025-05-14T05:50:23.434211Z 0 [System] [MY-010910] [Server] C:\laragon\bin\mysql\mysql-8.0.30-winx64\bin\mysqld: Shutdown complete (mysqld 8.0.30)  MySQL Community Server - GPL.
2025-05-14T05:51:20.092921Z 8 [System] [MY-013172] [Server] Received SHUTDOWN from user root. Shutting down mysqld (Version: 8.0.30).
2025-05-14T05:51:20.094167Z 0 [System] [MY-013105] [Server] C:\laragon\bin\mysql\mysql-8.0.30-winx64\bin\mysqld: Normal shutdown.
2025-05-14T05:51:21.414027Z 0 [System] [MY-010910] [Server] C:\laragon\bin\mysql\mysql-8.0.30-winx64\bin\mysqld: Shutdown complete (mysqld 8.0.30)  MySQL Community Server - GPL.
2025-05-14T05:51:48.834286Z 0 [Warning] [MY-010097] [Server] Insecure configuration for --secure-file-priv: Current value does not restrict location of generated files. Consider setting it to a valid, non-empty path.
2025-05-14T05:51:48.834442Z 0 [Warning] [MY-010918] [Server] 'default_authentication_plugin' is deprecated and will be removed in a future release. Please use authentication_policy instead.
2025-05-14T05:51:48.834529Z 0 [System] [MY-010116] [Server] C:\laragon\bin\mysql\mysql-8.0.30-winx64\bin\mysqld (mysqld 8.0.30) starting as process 1976
2025-05-14T05:51:48.898609Z 1 [System] [MY-013576] [InnoDB] InnoDB initialization has started.
2025-05-14T05:51:49.758309Z 1 [System] [MY-013577] [InnoDB] InnoDB initialization has ended.
2025-05-14T05:51:50.323678Z 0 [Warning] [MY-013829] [Server] Missing data directory for ICU regular expressions: C:\laragon\bin\mysql\mysql-8.0.30-winx64\lib\private\.
2025-05-14T05:51:50.330704Z 0 [Warning] [MY-010068] [Server] CA certificate ca.pem is self signed.
2025-05-14T05:51:50.331613Z 0 [System] [MY-013602] [Server] Channel mysql_main configured to support TLS. Encrypted connections are now supported for this channel.
2025-05-14T05:51:50.415566Z 0 [System] [MY-011323] [Server] X Plugin ready for connections. Bind-address: '::' port: 33060
2025-05-14T05:51:50.416592Z 0 [System] [MY-010931] [Server] C:\laragon\bin\mysql\mysql-8.0.30-winx64\bin\mysqld: ready for connections. Version: '8.0.30'  socket: ''  port: 3306  MySQL Community Server - GPL.
2025-05-14T05:58:51.960497Z 8 [System] [MY-013172] [Server] Received SHUTDOWN from user root. Shutting down mysqld (Version: 8.0.30).
2025-05-14T05:58:51.962468Z 0 [System] [MY-013105] [Server] C:\laragon\bin\mysql\mysql-8.0.30-winx64\bin\mysqld: Normal shutdown.
2025-05-14T05:58:53.006746Z 0 [System] [MY-010910] [Server] C:\laragon\bin\mysql\mysql-8.0.30-winx64\bin\mysqld: Shutdown complete (mysqld 8.0.30)  MySQL Community Server - GPL.
2025-05-14T05:58:56.667116Z 0 [Warning] [MY-010097] [Server] Insecure configuration for --secure-file-priv: Current value does not restrict location of generated files. Consider setting it to a valid, non-empty path.
2025-05-14T05:58:56.667282Z 0 [Warning] [MY-010918] [Server] 'default_authentication_plugin' is deprecated and will be removed in a future release. Please use authentication_policy instead.
2025-05-14T05:58:56.667382Z 0 [System] [MY-010116] [Server] C:\laragon\bin\mysql\mysql-8.0.30-winx64\bin\mysqld (mysqld 8.0.30) starting as process 10872
2025-05-14T05:58:56.756462Z 1 [System] [MY-013576] [InnoDB] InnoDB initialization has started.
2025-05-14T05:58:57.624448Z 1 [System] [MY-013577] [InnoDB] InnoDB initialization has ended.
2025-05-14T05:58:58.406360Z 0 [Warning] [MY-013829] [Server] Missing data directory for ICU regular expressions: C:\laragon\bin\mysql\mysql-8.0.30-winx64\lib\private\.
2025-05-14T05:58:58.412721Z 0 [Warning] [MY-010068] [Server] CA certificate ca.pem is self signed.
2025-05-14T05:58:58.413558Z 0 [System] [MY-013602] [Server] Channel mysql_main configured to support TLS. Encrypted connections are now supported for this channel.
2025-05-14T05:58:58.476784Z 0 [System] [MY-011323] [Server] X Plugin ready for connections. Bind-address: '::' port: 33060
2025-05-14T05:58:58.477180Z 0 [System] [MY-010931] [Server] C:\laragon\bin\mysql\mysql-8.0.30-winx64\bin\mysqld: ready for connections. Version: '8.0.30'  socket: ''  port: 3306  MySQL Community Server - GPL.
2025-05-14T05:59:00.121486Z 0 [Warning] [MY-010097] [Server] Insecure configuration for --secure-file-priv: Current value does not restrict location of generated files. Consider setting it to a valid, non-empty path.
2025-05-14T05:59:00.121639Z 0 [Warning] [MY-010918] [Server] 'default_authentication_plugin' is deprecated and will be removed in a future release. Please use authentication_policy instead.
2025-05-14T05:59:00.121735Z 0 [System] [MY-010116] [Server] C:\laragon\bin\mysql\mysql-8.0.30-winx64\bin\mysqld (mysqld 8.0.30) starting as process 9756
2025-05-14T05:59:00.254304Z 1 [System] [MY-013576] [InnoDB] InnoDB initialization has started.
2025-05-14T05:59:00.257935Z 1 [ERROR] [MY-012271] [InnoDB] The innodb_system data file 'ibdata1' must be writable
2025-05-14T05:59:00.259396Z 1 [ERROR] [MY-012278] [InnoDB] The innodb_system data file 'ibdata1' must be writable
2025-05-14T05:59:00.261087Z 1 [ERROR] [MY-010334] [Server] Failed to initialize DD Storage Engine
2025-05-14T05:59:00.264523Z 0 [ERROR] [MY-010020] [Server] Data Dictionary initialization failed.
2025-05-14T05:59:00.266339Z 0 [ERROR] [MY-010119] [Server] Aborting
2025-05-14T05:59:00.282288Z 0 [System] [MY-010910] [Server] C:\laragon\bin\mysql\mysql-8.0.30-winx64\bin\mysqld: Shutdown complete (mysqld 8.0.30)  MySQL Community Server - GPL.
2025-05-14T06:19:59.346725Z 9 [System] [MY-013172] [Server] Received SHUTDOWN from user root. Shutting down mysqld (Version: 8.0.30).
2025-05-14T06:19:59.348121Z 0 [System] [MY-013105] [Server] C:\laragon\bin\mysql\mysql-8.0.30-winx64\bin\mysqld: Normal shutdown.
2025-05-14T06:20:00.187530Z 0 [System] [MY-010910] [Server] C:\laragon\bin\mysql\mysql-8.0.30-winx64\bin\mysqld: Shutdown complete (mysqld 8.0.30)  MySQL Community Server - GPL.
2025-05-14T06:20:10.872508Z 0 [Warning] [MY-010097] [Server] Insecure configuration for --secure-file-priv: Current value does not restrict location of generated files. Consider setting it to a valid, non-empty path.
2025-05-14T06:20:10.872654Z 0 [Warning] [MY-010918] [Server] 'default_authentication_plugin' is deprecated and will be removed in a future release. Please use authentication_policy instead.
2025-05-14T06:20:10.872740Z 0 [System] [MY-010116] [Server] C:\laragon\bin\mysql\mysql-8.0.30-winx64\bin\mysqld (mysqld 8.0.30) starting as process 11092
2025-05-14T06:20:10.929623Z 1 [System] [MY-013576] [InnoDB] InnoDB initialization has started.
2025-05-14T06:20:11.559203Z 1 [System] [MY-013577] [InnoDB] InnoDB initialization has ended.
2025-05-14T06:20:12.252508Z 0 [Warning] [MY-013829] [Server] Missing data directory for ICU regular expressions: C:\laragon\bin\mysql\mysql-8.0.30-winx64\lib\private\.
2025-05-14T06:20:12.262868Z 0 [Warning] [MY-010068] [Server] CA certificate ca.pem is self signed.
2025-05-14T06:20:12.263818Z 0 [System] [MY-013602] [Server] Channel mysql_main configured to support TLS. Encrypted connections are now supported for this channel.
2025-05-14T06:20:12.353005Z 0 [System] [MY-011323] [Server] X Plugin ready for connections. Bind-address: '::' port: 33060
2025-05-14T06:20:12.353398Z 0 [System] [MY-010931] [Server] C:\laragon\bin\mysql\mysql-8.0.30-winx64\bin\mysqld: ready for connections. Version: '8.0.30'  socket: ''  port: 3306  MySQL Community Server - GPL.
2025-05-14T06:36:32.978748Z 8 [System] [MY-013172] [Server] Received SHUTDOWN from user root. Shutting down mysqld (Version: 8.0.30).
2025-05-14T06:36:32.980732Z 0 [System] [MY-013105] [Server] C:\laragon\bin\mysql\mysql-8.0.30-winx64\bin\mysqld: Normal shutdown.
2025-05-14T06:36:33.563355Z 0 [System] [MY-010910] [Server] C:\laragon\bin\mysql\mysql-8.0.30-winx64\bin\mysqld: Shutdown complete (mysqld 8.0.30)  MySQL Community Server - GPL.
