260c start_logger              154 ---- 2025/05/14 12:49:12.604 -------------------------------------------------
260c start_logger              160 Host process is 'cmd.exe' (pid 9740)
260c start_logger              164 DLL path is 'C:\laragon\bin\cmder\vendor\clink'
260c start_logger              178 Windows version 10.0.22621 (x64)
260c start_logger              181 Clink version 1.2.46.69fc92 (x64)
260c hook_setter::hook_setter  156 >>> Started hook transaction.
260c hook_setter::attach_iat   313 Attempting to hook SetEnvironmentVariableW in IAT for module 00007FF6EA0A0000.
260c pe_info::iterate_imports  160 Found import in 'api-ms-win-core-processenvironment-l1-1-0.dll'
260c find_iat                  121 Found import at 00007FF6EA0D6E98 (value is 00007FFBB5839270).
260c hook_setter::attach_iat   313 Attempting to hook WriteConsoleW in IAT for module 00007FF6EA0A0000.
260c pe_info::iterate_imports  160 Found import in 'api-ms-win-core-console-l1-1-0.dll'
260c find_iat                  121 Found import at 00007FF6EA0D6AF0 (value is 00007FFBB5802E40).
260c hook_setter::attach_iat   313 Attempting to hook GetEnvironmentVariableW in IAT for module 00007FF6EA0A0000.
260c pe_info::iterate_imports  160 Found import in 'api-ms-win-core-processenvironment-l1-1-0.dll'
260c find_iat                  121 Found import at 00007FF6EA0D6E68 (value is 00007FFBB57EB6E0).
260c hook_setter::commit       204 <<< Hook transaction committed.
260c hook_setter::hook_setter  156 >>> Started hook transaction.
260c hook_setter::detach_iat   356 Attempting to unhook 00007FFB6AFEADF0 from GetEnvironmentVariableW in IAT for module 00007FF6EA0A0000.
260c pe_info::iterate_imports  160 Found import in 'api-ms-win-core-processenvironment-l1-1-0.dll'
260c find_iat                  121 Found import at 00007FF6EA0D6E68 (value is 00007FFB6AFEADF0).
260c hook_setter::commit       204 <<< Hook transaction committed.
260c hook_setter::hook_setter  156 >>> Started hook transaction.
260c hook_setter::attach_iat   313 Attempting to hook ReadConsoleW in IAT for module 00007FF6EA0A0000.
260c pe_info::iterate_imports  160 Found import in 'api-ms-win-core-console-l1-1-0.dll'
260c find_iat                  121 Found import at 00007FF6EA0D6AE8 (value is 00007FFBB586E6D0).
260c hook_setter::commit       204 <<< Hook transaction committed.
260c reset_handle              145 resetting mismatched stdin handle
260c reset_handle              145 resetting mismatched stdout handle
260c reset_handle              145 resetting mismatched stderr handle
260c win_screen_buffer::begin  227 Using native terminal support; found 'ConEmuHk64.dll'.
260c reset_handle              145 resetting mismatched stdout handle
260c reset_handle              145 resetting mismatched stderr handle
260c history_db::initialise   1268 master bank ctag: |CTAG_1663167284_18455859_4204_0
260c history_db::compact      1492 History:  0 active, 0 deleted
260c reset_handle              145 resetting mismatched stdout handle
260c reset_handle              145 resetting mismatched stderr handle
260c history_db::compact      1492 History:  1 active, 0 deleted
